DEBUG tests/list_tests.c:109: ----- RUNNING: ./tests/list_tests
DEBUG tests/list_tests.c:99: 
----- test_create
DEBUG tests/list_tests.c:100: 
----- test_push_pop
[ERROR] (tests/list_tests.c:45: errno: None) Wrong value on pop
DEBUG tests/list_tests.c:109: ----- RUNNING: ./tests/list_tests
DEBUG tests/list_tests.c:99: 
----- test_create
DEBUG tests/list_tests.c:100: 
----- test_push_pop
DEBUG tests/list_tests.c:101: 
----- test_unshift
DEBUG tests/list_tests.c:102: 
----- test_remove
DEBUG tests/list_tests.c:103: 
----- test_shift
DEBUG tests/list_tests.c:104: 
----- test_destroy
DEBUG tests/list_tests.c:109: ----- RUNNING: ./tests/list_tests
DEBUG tests/list_tests.c:99: 
----- test_create
DEBUG tests/list_tests.c:100: 
----- test_push_pop
DEBUG tests/list_tests.c:101: 
----- test_unshift
DEBUG tests/list_tests.c:102: 
----- test_remove
DEBUG tests/list_tests.c:103: 
----- test_shift
DEBUG tests/list_tests.c:104: 
----- test_destroy
DEBUG tests/list_tests.c:109: ----- RUNNING: ./tests/list_tests
DEBUG tests/list_tests.c:99: 
----- test_create
DEBUG tests/list_tests.c:100: 
----- test_push_pop
DEBUG tests/list_tests.c:101: 
----- test_unshift
DEBUG tests/list_tests.c:102: 
----- test_remove
DEBUG tests/list_tests.c:103: 
----- test_shift
DEBUG tests/list_tests.c:104: 
----- test_destroy
DEBUG tests/list_algos_tests.c:92: ----- RUNNING: ./tests/list_algos_tests
DEBUG tests/list_algos_tests.c:86: 
----- test_bubble_sort
DEBUG src/lcthw/list_algos.c:15: Number of words given to bubble sort: 5
DEBUG tests/list_algos_tests.c:27: XXXX 1234
[ERROR] (tests/list_algos_tests.c:43: errno: None) Words are not sorted after bubble sort.
DEBUG tests/list_algos_tests.c:92: ----- RUNNING: ./tests/list_algos_tests
DEBUG tests/list_algos_tests.c:86: 
----- test_bubble_sort
DEBUG src/lcthw/list_algos.c:15: Number of words given to bubble sort: 5
DEBUG tests/list_algos_tests.c:27: XXXX 1234
[ERROR] (tests/list_algos_tests.c:43: errno: None) Words are not sorted after bubble sort.
DEBUG tests/list_algos_tests.c:91: ----- RUNNING: ./tests/list_algos_tests
DEBUG tests/list_algos_tests.c:85: 
----- test_bubble_sort
DEBUG tests/list_algos_tests.c:26: abcd NDSS
[ERROR] (tests/list_algos_tests.c:42: errno: None) Words are not sorted after bubble sort.
DEBUG tests/list_algos_tests.c:91: ----- RUNNING: ./tests/list_algos_tests
DEBUG tests/list_algos_tests.c:85: 
----- test_bubble_sort
DEBUG tests/list_algos_tests.c:26: abcd NDSS
[ERROR] (tests/list_algos_tests.c:42: errno: None) Words are not sorted after bubble sort.
DEBUG tests/list_algos_tests.c:91: ----- RUNNING: ./tests/list_algos_tests
DEBUG tests/list_algos_tests.c:85: 
----- test_bubble_sort
DEBUG tests/list_algos_tests.c:26: abcd NDSS
[ERROR] (tests/list_algos_tests.c:42: errno: None) Words are not sorted after bubble sort.
DEBUG tests/list_algos_tests.c:91: ----- RUNNING: ./tests/list_algos_tests
DEBUG tests/list_algos_tests.c:85: 
----- test_bubble_sort
DEBUG tests/list_algos_tests.c:26: abcd NDSS
[ERROR] (tests/list_algos_tests.c:42: errno: None) Words are not sorted after bubble sort.
DEBUG tests/list_algos_tests.c:91: ----- RUNNING: ./tests/list_algos_tests
DEBUG tests/list_algos_tests.c:85: 
----- test_bubble_sort
DEBUG tests/list_algos_tests.c:26: abcd NDSS
[ERROR] (tests/list_algos_tests.c:42: errno: None) Words are not sorted after bubble sort.
DEBUG tests/list_algos_tests.c:100: ----- RUNNING: ./tests/list_algos_tests
DEBUG tests/list_algos_tests.c:94: 
----- test_bubble_sort
DEBUG tests/list_tests.c:108: ----- RUNNING: ./tests/list_tests
DEBUG tests/list_tests.c:98: 
----- test_create
DEBUG tests/list_tests.c:99: 
----- test_push_pop
DEBUG tests/list_tests.c:100: 
----- test_unshift
DEBUG tests/list_tests.c:101: 
----- test_remove
DEBUG tests/list_tests.c:102: 
----- test_shift
DEBUG tests/list_tests.c:103: 
----- test_destroy
DEBUG tests/list_algos_tests.c:100: ----- RUNNING: ./tests/list_algos_tests
DEBUG tests/list_algos_tests.c:94: 
----- test_bubble_sort
DEBUG tests/list_tests.c:108: ----- RUNNING: ./tests/list_tests
DEBUG tests/list_tests.c:98: 
----- test_create
DEBUG tests/list_tests.c:99: 
----- test_push_pop
DEBUG tests/list_tests.c:100: 
----- test_unshift
DEBUG tests/list_tests.c:101: 
----- test_remove
DEBUG tests/list_tests.c:102: 
----- test_shift
DEBUG tests/list_tests.c:103: 
----- test_destroy
DEBUG tests/list_algos_tests.c:101: ----- RUNNING: ./tests/list_algos_tests
DEBUG tests/list_algos_tests.c:95: 
----- test_bubble_sort
DEBUG tests/list_tests.c:108: ----- RUNNING: ./tests/list_tests
DEBUG tests/list_tests.c:98: 
----- test_create
DEBUG tests/list_tests.c:99: 
----- test_push_pop
DEBUG tests/list_tests.c:100: 
----- test_unshift
DEBUG tests/list_tests.c:101: 
----- test_remove
DEBUG tests/list_tests.c:102: 
----- test_shift
DEBUG tests/list_tests.c:103: 
----- test_destroy
DEBUG tests/list_algos_tests.c:101: ----- RUNNING: ./tests/list_algos_tests
DEBUG tests/list_algos_tests.c:95: 
----- test_bubble_sort
DEBUG tests/list_tests.c:108: ----- RUNNING: ./tests/list_tests
DEBUG tests/list_tests.c:98: 
----- test_create
DEBUG tests/list_tests.c:99: 
----- test_push_pop
DEBUG tests/list_tests.c:100: 
----- test_unshift
DEBUG tests/list_tests.c:101: 
----- test_remove
DEBUG tests/list_tests.c:102: 
----- test_shift
DEBUG tests/list_tests.c:103: 
----- test_destroy
DEBUG tests/list_algos_tests.c:101: ----- RUNNING: ./tests/list_algos_tests
DEBUG tests/list_algos_tests.c:95: 
----- test_bubble_sort
DEBUG tests/list_tests.c:108: ----- RUNNING: ./tests/list_tests
DEBUG tests/list_tests.c:98: 
----- test_create
DEBUG tests/list_tests.c:99: 
----- test_push_pop
DEBUG tests/list_tests.c:100: 
----- test_unshift
DEBUG tests/list_tests.c:101: 
----- test_remove
DEBUG tests/list_tests.c:102: 
----- test_shift
DEBUG tests/list_tests.c:103: 
----- test_destroy
DEBUG tests/list_algos_tests.c:102: ----- RUNNING: ./tests/list_algos_tests
DEBUG tests/list_algos_tests.c:96: 
----- test_bubble_sort
DEBUG tests/list_tests.c:108: ----- RUNNING: ./tests/list_tests
DEBUG tests/list_tests.c:98: 
----- test_create
DEBUG tests/list_tests.c:99: 
----- test_push_pop
DEBUG tests/list_tests.c:100: 
----- test_unshift
DEBUG tests/list_tests.c:101: 
----- test_remove
DEBUG tests/list_tests.c:102: 
----- test_shift
DEBUG tests/list_tests.c:103: 
----- test_destroy
DEBUG tests/list_algos_tests.c:103: ----- RUNNING: ./tests/list_algos_tests
DEBUG tests/list_algos_tests.c:97: 
----- test_bubble_sort
DEBUG tests/list_algos_tests.c:98: 
----- test_merge_sort
DEBUG tests/list_algos_tests.c:34: XXXX 1234
[ERROR] (tests/list_algos_tests.c:79: errno: None) Words are not sorted after merge sort.
DEBUG tests/list_algos_tests.c:103: ----- RUNNING: ./tests/list_algos_tests
DEBUG tests/list_algos_tests.c:97: 
----- test_bubble_sort
DEBUG tests/list_algos_tests.c:98: 
----- test_merge_sort
DEBUG tests/list_algos_tests.c:34: XXXX 1234
[ERROR] (tests/list_algos_tests.c:79: errno: None) Words are not sorted after merge sort.
DEBUG tests/list_algos_tests.c:103: ----- RUNNING: ./tests/list_algos_tests
DEBUG tests/list_algos_tests.c:97: 
----- test_bubble_sort
DEBUG tests/list_algos_tests.c:98: 
----- test_merge_sort
DEBUG tests/list_algos_tests.c:34: XXXX 1234
[ERROR] (tests/list_algos_tests.c:79: errno: None) Words are not sorted after merge sort.
DEBUG tests/list_algos_tests.c:106: ----- RUNNING: ./tests/list_algos_tests
DEBUG tests/list_algos_tests.c:100: 
----- test_bubble_sort
DEBUG tests/list_algos_tests.c:101: 
----- test_merge_sort
src/lcthw/list_algos.c:69:23: runtime error: member access within null pointer of type 'struct List'
DEBUG tests/list_algos_tests.c:106: ----- RUNNING: ./tests/list_algos_tests
DEBUG tests/list_algos_tests.c:100: 
----- test_bubble_sort
DEBUG tests/list_algos_tests.c:101: 
----- test_merge_sort
src/lcthw/list_algos.c:69:23: runtime error: member access within null pointer of type 'struct List'
DEBUG tests/list_algos_tests.c:106: ----- RUNNING: ./tests/list_algos_tests
DEBUG tests/list_algos_tests.c:100: 
----- test_bubble_sort
DEBUG tests/list_algos_tests.c:101: 
----- test_merge_sort
src/lcthw/list_algos.c:71:23: runtime error: member access within null pointer of type 'struct List'
DEBUG tests/list_algos_tests.c:106: ----- RUNNING: ./tests/list_algos_tests
DEBUG tests/list_algos_tests.c:100: 
----- test_bubble_sort
DEBUG tests/list_algos_tests.c:101: 
----- test_merge_sort
src/lcthw/list_algos.c:71:23: runtime error: member access within null pointer of type 'struct List'
DEBUG tests/list_algos_tests.c:106: ----- RUNNING: ./tests/list_algos_tests
DEBUG tests/list_algos_tests.c:100: 
----- test_bubble_sort
DEBUG tests/list_algos_tests.c:101: 
----- test_merge_sort
src/lcthw/list_algos.c:71:23: runtime error: member access within null pointer of type 'struct List'
DEBUG tests/list_algos_tests.c:106: ----- RUNNING: ./tests/list_algos_tests
DEBUG tests/list_algos_tests.c:100: 
----- test_bubble_sort
DEBUG tests/list_algos_tests.c:101: 
----- test_merge_sort
src/lcthw/list_algos.c:71:23: runtime error: member access within null pointer of type 'struct List'
DEBUG tests/list_algos_tests.c:106: ----- RUNNING: ./tests/list_algos_tests
DEBUG tests/list_algos_tests.c:100: 
----- test_bubble_sort
DEBUG tests/list_algos_tests.c:101: 
----- test_merge_sort
src/lcthw/list_algos.c:71:23: runtime error: member access within null pointer of type 'struct List'
DEBUG tests/list_algos_tests.c:106: ----- RUNNING: ./tests/list_algos_tests
DEBUG tests/list_algos_tests.c:100: 
----- test_bubble_sort
DEBUG tests/list_algos_tests.c:101: 
----- test_merge_sort
src/lcthw/list_algos.c:71:23: runtime error: member access within null pointer of type 'struct List'
DEBUG tests/list_algos_tests.c:106: ----- RUNNING: ./tests/list_algos_tests
DEBUG tests/list_algos_tests.c:100: 
----- test_bubble_sort
DEBUG tests/list_algos_tests.c:101: 
----- test_merge_sort
src/lcthw/list_algos.c:71:23: runtime error: member access within null pointer of type 'struct List'
DEBUG tests/list_algos_tests.c:106: ----- RUNNING: ./tests/list_algos_tests
DEBUG tests/list_algos_tests.c:100: 
----- test_bubble_sort
DEBUG tests/list_algos_tests.c:101: 
----- test_merge_sort
src/lcthw/list_algos.c:71:23: runtime error: member access within null pointer of type 'struct List'
DEBUG tests/list_algos_tests.c:106: ----- RUNNING: ./tests/list_algos_tests
DEBUG tests/list_algos_tests.c:100: 
----- test_bubble_sort
DEBUG tests/list_algos_tests.c:101: 
----- test_merge_sort
src/lcthw/list_algos.c:71:23: runtime error: member access within null pointer of type 'struct List'
DEBUG tests/list_algos_tests.c:106: ----- RUNNING: ./tests/list_algos_tests
DEBUG tests/list_algos_tests.c:100: 
----- test_bubble_sort
DEBUG tests/list_algos_tests.c:101: 
----- test_merge_sort
src/lcthw/list_algos.c:71:23: runtime error: member access within null pointer of type 'struct List'
DEBUG tests/list_algos_tests.c:106: ----- RUNNING: ./tests/list_algos_tests
DEBUG tests/list_algos_tests.c:100: 
----- test_bubble_sort
DEBUG tests/list_algos_tests.c:101: 
----- test_merge_sort
src/lcthw/list_algos.c:71:23: runtime error: member access within null pointer of type 'struct List'
DEBUG tests/list_algos_tests.c:106: ----- RUNNING: ./tests/list_algos_tests
DEBUG tests/list_algos_tests.c:100: 
----- test_bubble_sort
DEBUG tests/list_algos_tests.c:101: 
----- test_merge_sort
src/lcthw/list_algos.c:71:23: runtime error: member access within null pointer of type 'struct List'
DEBUG tests/list_algos_tests.c:106: ----- RUNNING: ./tests/list_algos_tests
DEBUG tests/list_algos_tests.c:100: 
----- test_bubble_sort
DEBUG tests/list_algos_tests.c:101: 
----- test_merge_sort
src/lcthw/list_algos.c:71:23: runtime error: member access within null pointer of type 'struct List'
DEBUG tests/list_algos_tests.c:106: ----- RUNNING: ./tests/list_algos_tests
DEBUG tests/list_algos_tests.c:100: 
----- test_bubble_sort
DEBUG tests/list_algos_tests.c:101: 
----- test_merge_sort
DEBUG tests/list_algos_tests.c:106: ----- RUNNING: ./tests/list_algos_tests
DEBUG tests/list_algos_tests.c:101: 
----- test_merge_sort
DEBUG tests/list_algos_tests.c:106: ----- RUNNING: ./tests/list_algos_tests
DEBUG tests/list_algos_tests.c:101: 
----- test_merge_sort
DEBUG tests/list_algos_tests.c:106: ----- RUNNING: ./tests/list_algos_tests
DEBUG tests/list_algos_tests.c:101: 
----- test_merge_sort
DEBUG tests/list_algos_tests.c:106: ----- RUNNING: ./tests/list_algos_tests
DEBUG tests/list_algos_tests.c:101: 
----- test_merge_sort
DEBUG tests/list_algos_tests.c:106: ----- RUNNING: ./tests/list_algos_tests
DEBUG tests/list_algos_tests.c:101: 
----- test_merge_sort
DEBUG tests/list_algos_tests.c:106: ----- RUNNING: ./tests/list_algos_tests
DEBUG tests/list_algos_tests.c:101: 
----- test_merge_sort
DEBUG tests/list_algos_tests.c:106: ----- RUNNING: ./tests/list_algos_tests
DEBUG tests/list_algos_tests.c:101: 
----- test_merge_sort
DEBUG tests/list_algos_tests.c:106: ----- RUNNING: ./tests/list_algos_tests
DEBUG tests/list_algos_tests.c:100: 
----- test_bubble_sort
DEBUG tests/list_algos_tests.c:101: 
----- test_merge_sort
DEBUG tests/list_algos_tests.c:106: ----- RUNNING: ./tests/list_algos_tests
DEBUG tests/list_algos_tests.c:100: 
----- test_bubble_sort
DEBUG tests/list_algos_tests.c:101: 
----- test_merge_sort
----
RUNNING: tests/list_tests
ALL TESTS PASSED
Tests run: 6
----
RUNNING: tests/list_algos_tests
ALL TESTS PASSED
Tests run: 1
----
RUNNING: tests/list_tests
ALL TESTS PASSED
Tests run: 6
----
RUNNING: tests/list_algos_tests
ALL TESTS PASSED
Tests run: 1
----
RUNNING: tests/list_tests
ALL TESTS PASSED
Tests run: 6
----
RUNNING: tests/list_tests
ALL TESTS PASSED
Tests run: 6
----
RUNNING: tests/list_algos_tests
FAILED: Words are not sorted after merge sort.
Tests run: 2
----
RUNNING: tests/list_tests
ALL TESTS PASSED
Tests run: 6
----
RUNNING: tests/list_algos_tests
FAILED: Words are not sorted after merge sort.
Tests run: 2
----
RUNNING: tests/list_tests
ALL TESTS PASSED
Tests run: 6
----
RUNNING: tests/list_algos_tests
FAILED: Words are not sorted after merge sort.
Tests run: 2
----
RUNNING: tests/list_tests
ALL TESTS PASSED
Tests run: 6
----
RUNNING: tests/list_algos_tests
FAILED: Words are not sorted after merge sort.
Tests run: 2
----
RUNNING: tests/list_tests
ALL TESTS PASSED
Tests run: 6
----
RUNNING: tests/list_algos_tests
FAILED: Words are not sorted after merge sort.
Tests run: 2
----
RUNNING: tests/list_tests
ALL TESTS PASSED
Tests run: 6
----
RUNNING: tests/list_algos_tests
FAILED: Words are not sorted after merge sort.
Tests run: 2
----
RUNNING: tests/list_tests
ALL TESTS PASSED
Tests run: 6
----
RUNNING: tests/list_algos_tests
FAILED: Words are not sorted after merge sort.
Tests run: 2
----
RUNNING: tests/list_tests
ALL TESTS PASSED
Tests run: 6
----
RUNNING: tests/list_algos_tests
FAILED: Words are not sorted after merge sort.
Tests run: 2
----
RUNNING: tests/list_tests
ALL TESTS PASSED
Tests run: 6
----
RUNNING: tests/list_algos_tests
FAILED: Words are not sorted after merge sort.
Tests run: 2
----
RUNNING: tests/list_tests
ALL TESTS PASSED
Tests run: 6
----
RUNNING: tests/list_algos_tests
FAILED: Words are not sorted after merge sort.
Tests run: 2
----
RUNNING: tests/list_tests
ALL TESTS PASSED
Tests run: 6
----
RUNNING: tests/list_algos_tests
0x5613cd7df008, 0x5613cd7df00d, 0x5613cd7df012, 0x5613cd7df017, 0x5613cd7df01d, 
0x5613cd7df00d, 0x5613cd7df01d, 0x5613cd7df008, 0x5613cd7df012, 0x5613cd7df017, 
ALL TESTS PASSED
Tests run: 2
----
RUNNING: tests/list_tests
ALL TESTS PASSED
Tests run: 6
----
RUNNING: tests/list_algos_tests
0x55ebd1c2f008, 0x55ebd1c2f00d, 0x55ebd1c2f012, 0x55ebd1c2f017, 0x55ebd1c2f01d, 
0x55ebd1c2f00d, 0x55ebd1c2f01d, 0x55ebd1c2f008, 0x55ebd1c2f012, 0x55ebd1c2f017, 
ALL TESTS PASSED
Tests run: 2
----
RUNNING: tests/list_tests
ALL TESTS PASSED
Tests run: 6
----
RUNNING: tests/list_algos_tests
0x55ab7077f008, 0x55ab7077f00d, 0x55ab7077f012, 0x55ab7077f017, 0x55ab7077f01d, 
0x55ab7077f00d, 0x55ab7077f01d, 0x55ab7077f008, 0x55ab7077f012, 0x55ab7077f017, 
ALL TESTS PASSED
Tests run: 2
----
RUNNING: tests/list_tests
ALL TESTS PASSED
Tests run: 6
----
RUNNING: tests/list_algos_tests
0x56542b628008, 0x56542b62800d, 0x56542b628012, 0x56542b628017, 0x56542b62801d, 
0x56542b62800d, 0x56542b62801d, 0x56542b628008, 0x56542b628012, 0x56542b628017, 
ALL TESTS PASSED
Tests run: 2
----
RUNNING: tests/list_tests
ALL TESTS PASSED
Tests run: 6
----
RUNNING: tests/list_algos_tests
0x55db53f27008, 0x55db53f2700d, 0x55db53f27012, 0x55db53f27017, 0x55db53f2701d, 
0x55db53f2700d, 0x55db53f2701d, 0x55db53f27008, 0x55db53f27012, 0x55db53f27017, 
ALL TESTS PASSED
Tests run: 2
----
RUNNING: tests/list_tests
ALL TESTS PASSED
Tests run: 6
----
RUNNING: tests/list_algos_tests
0x563b7bef5008, 0x563b7bef500d, 0x563b7bef5012, 0x563b7bef5017, 0x563b7bef501d, 
0x563b7bef500d, 0x563b7bef501d, 0x563b7bef5008, 0x563b7bef5012, 0x563b7bef5017, 
ALL TESTS PASSED
Tests run: 2
----
RUNNING: tests/list_tests
ALL TESTS PASSED
Tests run: 6
----
RUNNING: tests/list_algos_tests
0x55fdb4672008, 0x55fdb467200d, 0x55fdb4672012, 0x55fdb4672017, 0x55fdb467201d, 
0x55fdb467200d, 0x55fdb467201d, 0x55fdb4672008, 0x55fdb4672012, 0x55fdb4672017, 
ALL TESTS PASSED
Tests run: 2
----
RUNNING: tests/list_tests
ALL TESTS PASSED
Tests run: 6
----
RUNNING: tests/list_algos_tests
ALL TESTS PASSED
Tests run: 2
----
RUNNING: tests/list_tests
ALL TESTS PASSED
Tests run: 6
